INFO  Validating config
INFO  Start processing
INFO  Generating Baidu urls for last 1 posts
INFO  Posts urls generated in baidu_urls.txt
https://zwdnet.github.io/2021/03/11/%E5%AF%8C%E8%A1%80%E5%B0%8F%E6%9D%BF%E7%BA%A4%E7%BB%B4%E8%9B%8B%E7%99%BD%E5%9C%A8%E6%8B%94%E7%89%99%E4%B8%AD%E7%9A%84%E5%BA%94%E7%94%A8/
WARN  ===============================================================
WARN  ========================= ATTENTION! ==========================
WARN  ===============================================================
WARN   NexT repository is moving here: https://github.com/theme-next 
WARN  ===============================================================
WARN   It's rebase to v6.0.0 and future maintenance will resume there
WARN  ===============================================================
INFO  Files loaded in 24 s
INFO  0 files generated in 51 min
INFO  Validating config
INFO  Deploying: git
INFO  Clearing .deploy_git folder...
INFO  Copying files from public folder...
INFO  Copying files from extend dirs...
On branch master
nothing to commit, working tree clean
To https://github.com/zwdnet/zwdnet.github.io.git
   7271d7db..0cc844e4  HEAD -> master
Branch 'master' set up to track remote branch 'master' from 'https://github.com/zwdnet/zwdnet.github.io.git'.
INFO  Deploy done: git
INFO  Deploying: baidu_url_submitter
INFO  Submitting urls 
https://zwdnet.github.io/2021/03/11/%E5%AF%8C%E8%A1%80%E5%B0%8F%E6%9D%BF%E7%BA%A4%E7%BB%B4%E8%9B%8B%E7%99%BD%E5%9C%A8%E6%8B%94%E7%89%99%E4%B8%AD%E7%9A%84%E5%BA%94%E7%94%A8/
{"remain":9999,"success":1}
INFO  Deploy done: baidu_url_submitter
